ARM GAS  C:\Users\Anoolv\AppData\Local\Temp\cc2w7se5.s 			page 1


   1              		.cpu cortex-m3
   2              		.eabi_attribute 20, 1
   3              		.eabi_attribute 21, 1
   4              		.eabi_attribute 23, 3
   5              		.eabi_attribute 24, 1
   6              		.eabi_attribute 25, 1
   7              		.eabi_attribute 26, 1
   8              		.eabi_attribute 30, 1
   9              		.eabi_attribute 34, 1
  10              		.eabi_attribute 18, 4
  11              		.file	"main.c"
  12              		.text
  13              	.Ltext0:
  14              		.cfi_sections	.debug_frame
  15              		.section	.rodata.main.str1.4,"aMS",%progbits,1
  16              		.align	2
  17              	.LC0:
  18 0000 77656C63 		.ascii	"welcome to my channel!\000"
  18      6F6D6520 
  18      746F206D 
  18      79206368 
  18      616E6E65 
  19              		.section	.text.main,"ax",%progbits
  20              		.align	1
  21              		.global	main
  22              		.arch armv7-m
  23              		.syntax unified
  24              		.thumb
  25              		.thumb_func
  26              		.fpu softvfp
  28              	main:
  29              	.LFB32:
  30              		.file 1 "USER/src/main.c"
   1:USER/src/main.c **** #include "stm32f10x.h"
   2:USER/src/main.c **** //#include "stm32f10x_conf.h"
   3:USER/src/main.c **** #include "clock_config.h"
   4:USER/src/main.c **** #include "led.h"
   5:USER/src/main.c **** #include "usart.h"
   6:USER/src/main.c **** 
   7:USER/src/main.c **** int main(void)
   8:USER/src/main.c **** {
  31              		.loc 1 8 1 view -0
  32              		.cfi_startproc
  33              		@ args = 0, pretend = 0, frame = 0
  34              		@ frame_needed = 0, uses_anonymous_args = 0
  35 0000 08B5     		push	{r3, lr}
  36              	.LCFI0:
  37              		.cfi_def_cfa_offset 8
  38              		.cfi_offset 3, -8
  39              		.cfi_offset 14, -4
   9:USER/src/main.c **** 	char * say_hi = "welcome to my channel!";
  40              		.loc 1 9 2 view .LVU1
  41              	.LVL0:
  10:USER/src/main.c **** 	RCC_HSEConfig(RCC_HSE_ON);
  42              		.loc 1 10 2 view .LVU2
  43 0002 4FF48030 		mov	r0, #65536
  44 0006 FFF7FEFF 		bl	RCC_HSEConfig
ARM GAS  C:\Users\Anoolv\AppData\Local\Temp\cc2w7se5.s 			page 2


  45              	.LVL1:
  11:USER/src/main.c **** 	SysTick_CLKSourceConfig(SysTick_CLKSource_HCLK_Div8);
  46              		.loc 1 11 2 view .LVU3
  47 000a 6FF00400 		mvn	r0, #4
  48 000e FFF7FEFF 		bl	SysTick_CLKSourceConfig
  49              	.LVL2:
  12:USER/src/main.c **** 	LED_Init();
  50              		.loc 1 12 2 view .LVU4
  51 0012 FFF7FEFF 		bl	LED_Init
  52              	.LVL3:
  13:USER/src/main.c **** 	Usart1_InitCfg(USART1_BAUDRATE);
  53              		.loc 1 13 2 view .LVU5
  54 0016 4FF4E130 		mov	r0, #115200
  55 001a FFF7FEFF 		bl	Usart1_InitCfg
  56              	.LVL4:
  14:USER/src/main.c **** 
  15:USER/src/main.c **** 	Usart_SendString(USART1, say_hi);
  57              		.loc 1 15 2 view .LVU6
  58 001e 0E49     		ldr	r1, .L4
  59 0020 0E48     		ldr	r0, .L4+4
  60 0022 FFF7FEFF 		bl	Usart_SendString
  61              	.LVL5:
  62              	.L2:
  16:USER/src/main.c **** 	while(1)
  63              		.loc 1 16 2 discriminator 1 view .LVU7
  17:USER/src/main.c **** 	{	
  18:USER/src/main.c **** 		Led_Ctl(LED_1,Bit_RESET);
  64              		.loc 1 18 3 discriminator 1 view .LVU8
  65 0026 0021     		movs	r1, #0
  66 0028 0846     		mov	r0, r1
  67 002a FFF7FEFF 		bl	Led_Ctl
  68              	.LVL6:
  19:USER/src/main.c **** 		delay_ms(500);
  69              		.loc 1 19 3 discriminator 1 view .LVU9
  70 002e 4FF4FA70 		mov	r0, #500
  71 0032 FFF7FEFF 		bl	delay_ms
  72              	.LVL7:
  20:USER/src/main.c **** 		Led_Ctl(LED_1,Bit_SET);
  73              		.loc 1 20 3 discriminator 1 view .LVU10
  74 0036 0121     		movs	r1, #1
  75 0038 0020     		movs	r0, #0
  76 003a FFF7FEFF 		bl	Led_Ctl
  77              	.LVL8:
  21:USER/src/main.c **** 		Led_Ctl(LED_2,Bit_RESET);
  78              		.loc 1 21 3 discriminator 1 view .LVU11
  79 003e 0021     		movs	r1, #0
  80 0040 0120     		movs	r0, #1
  81 0042 FFF7FEFF 		bl	Led_Ctl
  82              	.LVL9:
  22:USER/src/main.c **** 		delay_ms(500);
  83              		.loc 1 22 3 discriminator 1 view .LVU12
  84 0046 4FF4FA70 		mov	r0, #500
  85 004a FFF7FEFF 		bl	delay_ms
  86              	.LVL10:
  23:USER/src/main.c **** 		Led_Ctl(LED_2,Bit_SET);
  87              		.loc 1 23 3 discriminator 1 view .LVU13
  88 004e 0121     		movs	r1, #1
ARM GAS  C:\Users\Anoolv\AppData\Local\Temp\cc2w7se5.s 			page 3


  89 0050 0846     		mov	r0, r1
  90 0052 FFF7FEFF 		bl	Led_Ctl
  91              	.LVL11:
  16:USER/src/main.c **** 	{	
  92              		.loc 1 16 7 discriminator 1 view .LVU14
  93 0056 E6E7     		b	.L2
  94              	.L5:
  95              		.align	2
  96              	.L4:
  97 0058 00000000 		.word	.LC0
  98 005c 00380140 		.word	1073821696
  99              		.cfi_endproc
 100              	.LFE32:
 102              		.text
 103              	.Letext0:
 104              		.file 2 "c:\\gnu arm embedded toolchain\\10 2020-q4-major\\arm-none-eabi\\include\\machine\\_defau
 105              		.file 3 "c:\\gnu arm embedded toolchain\\10 2020-q4-major\\arm-none-eabi\\include\\sys\\_stdint.h"
 106              		.file 4 "CMSIS/DeviceSupport/stm32f10x.h"
 107              		.file 5 "STM32F10x_StdPeriph_Driver/inc/stm32f10x_gpio.h"
 108              		.file 6 "USER/inc/led.h"
 109              		.file 7 "STM32F10x_StdPeriph_Driver/inc/stm32f10x_rcc.h"
 110              		.file 8 "STM32F10x_StdPeriph_Driver/inc/misc.h"
 111              		.file 9 "USER/inc/usart.h"
 112              		.file 10 "USER/inc/clock_config.h"
ARM GAS  C:\Users\Anoolv\AppData\Local\Temp\cc2w7se5.s 			page 4


DEFINED SYMBOLS
                            *ABS*:00000000 main.c
C:\Users\Anoolv\AppData\Local\Temp\cc2w7se5.s:16     .rodata.main.str1.4:00000000 $d
C:\Users\Anoolv\AppData\Local\Temp\cc2w7se5.s:20     .text.main:00000000 $t
C:\Users\Anoolv\AppData\Local\Temp\cc2w7se5.s:28     .text.main:00000000 main
C:\Users\Anoolv\AppData\Local\Temp\cc2w7se5.s:97     .text.main:00000058 $d

UNDEFINED SYMBOLS
RCC_HSEConfig
SysTick_CLKSourceConfig
LED_Init
Usart1_InitCfg
Usart_SendString
Led_Ctl
delay_ms
