ARM GAS  C:\Users\Anoolv\AppData\Local\Temp\ccJcNkDK.s 			page 1


   1              		.cpu cortex-m3
   2              		.eabi_attribute 20, 1
   3              		.eabi_attribute 21, 1
   4              		.eabi_attribute 23, 3
   5              		.eabi_attribute 24, 1
   6              		.eabi_attribute 25, 1
   7              		.eabi_attribute 26, 1
   8              		.eabi_attribute 30, 1
   9              		.eabi_attribute 34, 1
  10              		.eabi_attribute 18, 4
  11              		.file	"misc.c"
  12              		.text
  13              	.Ltext0:
  14              		.cfi_sections	.debug_frame
  15              		.section	.text.NVIC_PriorityGroupConfig,"ax",%progbits
  16              		.align	1
  17              		.global	NVIC_PriorityGroupConfig
  18              		.arch armv7-m
  19              		.syntax unified
  20              		.thumb
  21              		.thumb_func
  22              		.fpu softvfp
  24              	NVIC_PriorityGroupConfig:
  25              	.LVL0:
  26              	.LFB29:
  27              		.file 1 "STM32F10x_StdPeriph_Driver/src/misc.c"
   1:STM32F10x_StdPeriph_Driver/src/misc.c **** /**
   2:STM32F10x_StdPeriph_Driver/src/misc.c ****   ******************************************************************************
   3:STM32F10x_StdPeriph_Driver/src/misc.c ****   * @file    misc.c
   4:STM32F10x_StdPeriph_Driver/src/misc.c ****   * @author  MCD Application Team
   5:STM32F10x_StdPeriph_Driver/src/misc.c ****   * @version V3.5.0
   6:STM32F10x_StdPeriph_Driver/src/misc.c ****   * @date    11-March-2011
   7:STM32F10x_StdPeriph_Driver/src/misc.c ****   * @brief   This file provides all the miscellaneous firmware functions (add-on
   8:STM32F10x_StdPeriph_Driver/src/misc.c ****   *          to CMSIS functions).
   9:STM32F10x_StdPeriph_Driver/src/misc.c ****   ******************************************************************************
  10:STM32F10x_StdPeriph_Driver/src/misc.c ****   * @attention
  11:STM32F10x_StdPeriph_Driver/src/misc.c ****   *
  12:STM32F10x_StdPeriph_Driver/src/misc.c ****   * THE PRESENT FIRMWARE WHICH IS FOR GUIDANCE ONLY AIMS AT PROVIDING CUSTOMERS
  13:STM32F10x_StdPeriph_Driver/src/misc.c ****   * WITH CODING INFORMATION REGARDING THEIR PRODUCTS IN ORDER FOR THEM TO SAVE
  14:STM32F10x_StdPeriph_Driver/src/misc.c ****   * TIME. AS A RESULT, STMICROELECTRONICS SHALL NOT BE HELD LIABLE FOR ANY
  15:STM32F10x_StdPeriph_Driver/src/misc.c ****   * DIRECT, INDIRECT OR CONSEQUENTIAL DAMAGES WITH RESPECT TO ANY CLAIMS ARISING
  16:STM32F10x_StdPeriph_Driver/src/misc.c ****   * FROM THE CONTENT OF SUCH FIRMWARE AND/OR THE USE MADE BY CUSTOMERS OF THE
  17:STM32F10x_StdPeriph_Driver/src/misc.c ****   * CODING INFORMATION CONTAINED HEREIN IN CONNECTION WITH THEIR PRODUCTS.
  18:STM32F10x_StdPeriph_Driver/src/misc.c ****   *
  19:STM32F10x_StdPeriph_Driver/src/misc.c ****   * <h2><center>&copy; COPYRIGHT 2011 STMicroelectronics</center></h2>
  20:STM32F10x_StdPeriph_Driver/src/misc.c ****   ******************************************************************************
  21:STM32F10x_StdPeriph_Driver/src/misc.c ****   */
  22:STM32F10x_StdPeriph_Driver/src/misc.c **** 
  23:STM32F10x_StdPeriph_Driver/src/misc.c **** /* Includes ------------------------------------------------------------------*/
  24:STM32F10x_StdPeriph_Driver/src/misc.c **** #include "misc.h"
  25:STM32F10x_StdPeriph_Driver/src/misc.c **** 
  26:STM32F10x_StdPeriph_Driver/src/misc.c **** /** @addtogroup STM32F10x_StdPeriph_Driver
  27:STM32F10x_StdPeriph_Driver/src/misc.c ****   * @{
  28:STM32F10x_StdPeriph_Driver/src/misc.c ****   */
  29:STM32F10x_StdPeriph_Driver/src/misc.c **** 
  30:STM32F10x_StdPeriph_Driver/src/misc.c **** /** @defgroup MISC 
  31:STM32F10x_StdPeriph_Driver/src/misc.c ****   * @brief MISC driver modules
ARM GAS  C:\Users\Anoolv\AppData\Local\Temp\ccJcNkDK.s 			page 2


  32:STM32F10x_StdPeriph_Driver/src/misc.c ****   * @{
  33:STM32F10x_StdPeriph_Driver/src/misc.c ****   */
  34:STM32F10x_StdPeriph_Driver/src/misc.c **** 
  35:STM32F10x_StdPeriph_Driver/src/misc.c **** /** @defgroup MISC_Private_TypesDefinitions
  36:STM32F10x_StdPeriph_Driver/src/misc.c ****   * @{
  37:STM32F10x_StdPeriph_Driver/src/misc.c ****   */
  38:STM32F10x_StdPeriph_Driver/src/misc.c **** 
  39:STM32F10x_StdPeriph_Driver/src/misc.c **** /**
  40:STM32F10x_StdPeriph_Driver/src/misc.c ****   * @}
  41:STM32F10x_StdPeriph_Driver/src/misc.c ****   */ 
  42:STM32F10x_StdPeriph_Driver/src/misc.c **** 
  43:STM32F10x_StdPeriph_Driver/src/misc.c **** /** @defgroup MISC_Private_Defines
  44:STM32F10x_StdPeriph_Driver/src/misc.c ****   * @{
  45:STM32F10x_StdPeriph_Driver/src/misc.c ****   */
  46:STM32F10x_StdPeriph_Driver/src/misc.c **** 
  47:STM32F10x_StdPeriph_Driver/src/misc.c **** #define AIRCR_VECTKEY_MASK    ((uint32_t)0x05FA0000)
  48:STM32F10x_StdPeriph_Driver/src/misc.c **** /**
  49:STM32F10x_StdPeriph_Driver/src/misc.c ****   * @}
  50:STM32F10x_StdPeriph_Driver/src/misc.c ****   */
  51:STM32F10x_StdPeriph_Driver/src/misc.c **** 
  52:STM32F10x_StdPeriph_Driver/src/misc.c **** /** @defgroup MISC_Private_Macros
  53:STM32F10x_StdPeriph_Driver/src/misc.c ****   * @{
  54:STM32F10x_StdPeriph_Driver/src/misc.c ****   */
  55:STM32F10x_StdPeriph_Driver/src/misc.c **** 
  56:STM32F10x_StdPeriph_Driver/src/misc.c **** /**
  57:STM32F10x_StdPeriph_Driver/src/misc.c ****   * @}
  58:STM32F10x_StdPeriph_Driver/src/misc.c ****   */
  59:STM32F10x_StdPeriph_Driver/src/misc.c **** 
  60:STM32F10x_StdPeriph_Driver/src/misc.c **** /** @defgroup MISC_Private_Variables
  61:STM32F10x_StdPeriph_Driver/src/misc.c ****   * @{
  62:STM32F10x_StdPeriph_Driver/src/misc.c ****   */
  63:STM32F10x_StdPeriph_Driver/src/misc.c **** 
  64:STM32F10x_StdPeriph_Driver/src/misc.c **** /**
  65:STM32F10x_StdPeriph_Driver/src/misc.c ****   * @}
  66:STM32F10x_StdPeriph_Driver/src/misc.c ****   */
  67:STM32F10x_StdPeriph_Driver/src/misc.c **** 
  68:STM32F10x_StdPeriph_Driver/src/misc.c **** /** @defgroup MISC_Private_FunctionPrototypes
  69:STM32F10x_StdPeriph_Driver/src/misc.c ****   * @{
  70:STM32F10x_StdPeriph_Driver/src/misc.c ****   */
  71:STM32F10x_StdPeriph_Driver/src/misc.c **** 
  72:STM32F10x_StdPeriph_Driver/src/misc.c **** /**
  73:STM32F10x_StdPeriph_Driver/src/misc.c ****   * @}
  74:STM32F10x_StdPeriph_Driver/src/misc.c ****   */
  75:STM32F10x_StdPeriph_Driver/src/misc.c **** 
  76:STM32F10x_StdPeriph_Driver/src/misc.c **** /** @defgroup MISC_Private_Functions
  77:STM32F10x_StdPeriph_Driver/src/misc.c ****   * @{
  78:STM32F10x_StdPeriph_Driver/src/misc.c ****   */
  79:STM32F10x_StdPeriph_Driver/src/misc.c **** 
  80:STM32F10x_StdPeriph_Driver/src/misc.c **** /**
  81:STM32F10x_StdPeriph_Driver/src/misc.c ****   * @brief  Configures the priority grouping: pre-emption priority and subpriority.
  82:STM32F10x_StdPeriph_Driver/src/misc.c ****   * @param  NVIC_PriorityGroup: specifies the priority grouping bits length. 
  83:STM32F10x_StdPeriph_Driver/src/misc.c ****   *   This parameter can be one of the following values:
  84:STM32F10x_StdPeriph_Driver/src/misc.c ****   *     @arg NVIC_PriorityGroup_0: 0 bits for pre-emption priority
  85:STM32F10x_StdPeriph_Driver/src/misc.c ****   *                                4 bits for subpriority
  86:STM32F10x_StdPeriph_Driver/src/misc.c ****   *     @arg NVIC_PriorityGroup_1: 1 bits for pre-emption priority
  87:STM32F10x_StdPeriph_Driver/src/misc.c ****   *                                3 bits for subpriority
  88:STM32F10x_StdPeriph_Driver/src/misc.c ****   *     @arg NVIC_PriorityGroup_2: 2 bits for pre-emption priority
ARM GAS  C:\Users\Anoolv\AppData\Local\Temp\ccJcNkDK.s 			page 3


  89:STM32F10x_StdPeriph_Driver/src/misc.c ****   *                                2 bits for subpriority
  90:STM32F10x_StdPeriph_Driver/src/misc.c ****   *     @arg NVIC_PriorityGroup_3: 3 bits for pre-emption priority
  91:STM32F10x_StdPeriph_Driver/src/misc.c ****   *                                1 bits for subpriority
  92:STM32F10x_StdPeriph_Driver/src/misc.c ****   *     @arg NVIC_PriorityGroup_4: 4 bits for pre-emption priority
  93:STM32F10x_StdPeriph_Driver/src/misc.c ****   *                                0 bits for subpriority
  94:STM32F10x_StdPeriph_Driver/src/misc.c ****   * @retval None
  95:STM32F10x_StdPeriph_Driver/src/misc.c ****   */
  96:STM32F10x_StdPeriph_Driver/src/misc.c **** void NVIC_PriorityGroupConfig(uint32_t NVIC_PriorityGroup)
  97:STM32F10x_StdPeriph_Driver/src/misc.c **** {
  28              		.loc 1 97 1 view -0
  29              		.cfi_startproc
  30              		@ args = 0, pretend = 0, frame = 0
  31              		@ frame_needed = 0, uses_anonymous_args = 0
  32              		.loc 1 97 1 is_stmt 0 view .LVU1
  33 0000 10B5     		push	{r4, lr}
  34              	.LCFI0:
  35              		.cfi_def_cfa_offset 8
  36              		.cfi_offset 4, -8
  37              		.cfi_offset 14, -4
  38 0002 0446     		mov	r4, r0
  98:STM32F10x_StdPeriph_Driver/src/misc.c ****   /* Check the parameters */
  99:STM32F10x_StdPeriph_Driver/src/misc.c ****   assert_param(IS_NVIC_PRIORITY_GROUP(NVIC_PriorityGroup));
  39              		.loc 1 99 3 is_stmt 1 view .LVU2
  40 0004 B0F5E06F 		cmp	r0, #1792
  41 0008 0FD0     		beq	.L3
  42              		.loc 1 99 16 is_stmt 0 discriminator 2 view .LVU3
  43 000a B0F5C06F 		cmp	r0, #1536
  44 000e 16D0     		beq	.L4
  45              		.loc 1 99 16 discriminator 4 view .LVU4
  46 0010 B0F5A06F 		cmp	r0, #1280
  47 0014 15D0     		beq	.L5
  48              		.loc 1 99 16 discriminator 6 view .LVU5
  49 0016 B0F5806F 		cmp	r0, #1024
  50 001a 14D0     		beq	.L6
  51              		.loc 1 99 3 discriminator 8 view .LVU6
  52 001c B0F5407F 		cmp	r0, #768
  53 0020 01D0     		beq	.L9
  54              		.loc 1 99 3 view .LVU7
  55 0022 0020     		movs	r0, #0
  56              	.LVL1:
  57              		.loc 1 99 3 view .LVU8
  58 0024 02E0     		b	.L2
  59              	.LVL2:
  60              	.L9:
  61              		.loc 1 99 3 view .LVU9
  62 0026 0120     		movs	r0, #1
  63              	.LVL3:
  64              		.loc 1 99 3 view .LVU10
  65 0028 00E0     		b	.L2
  66              	.LVL4:
  67              	.L3:
  68              		.loc 1 99 3 view .LVU11
  69 002a 0120     		movs	r0, #1
  70              	.LVL5:
  71              	.L2:
  72              		.loc 1 99 3 discriminator 12 view .LVU12
  73 002c FFF7FEFF 		bl	assert_param
ARM GAS  C:\Users\Anoolv\AppData\Local\Temp\ccJcNkDK.s 			page 4


  74              	.LVL6:
 100:STM32F10x_StdPeriph_Driver/src/misc.c ****   
 101:STM32F10x_StdPeriph_Driver/src/misc.c ****   /* Set the PRIGROUP[10:8] bits according to NVIC_PriorityGroup value */
 102:STM32F10x_StdPeriph_Driver/src/misc.c ****   SCB->AIRCR = AIRCR_VECTKEY_MASK | NVIC_PriorityGroup;
  75              		.loc 1 102 3 is_stmt 1 discriminator 12 view .LVU13
  76              		.loc 1 102 35 is_stmt 0 discriminator 12 view .LVU14
  77 0030 44F0BF64 		orr	r4, r4, #100139008
  78              	.LVL7:
  79              		.loc 1 102 35 discriminator 12 view .LVU15
  80 0034 44F40034 		orr	r4, r4, #131072
  81              		.loc 1 102 14 discriminator 12 view .LVU16
  82 0038 044B     		ldr	r3, .L10
  83 003a DC60     		str	r4, [r3, #12]
 103:STM32F10x_StdPeriph_Driver/src/misc.c **** }
  84              		.loc 1 103 1 discriminator 12 view .LVU17
  85 003c 10BD     		pop	{r4, pc}
  86              	.LVL8:
  87              	.L4:
  99:STM32F10x_StdPeriph_Driver/src/misc.c ****   
  88              		.loc 1 99 3 view .LVU18
  89 003e 0120     		movs	r0, #1
  90              	.LVL9:
  99:STM32F10x_StdPeriph_Driver/src/misc.c ****   
  91              		.loc 1 99 3 view .LVU19
  92 0040 F4E7     		b	.L2
  93              	.LVL10:
  94              	.L5:
  99:STM32F10x_StdPeriph_Driver/src/misc.c ****   
  95              		.loc 1 99 3 view .LVU20
  96 0042 0120     		movs	r0, #1
  97              	.LVL11:
  99:STM32F10x_StdPeriph_Driver/src/misc.c ****   
  98              		.loc 1 99 3 view .LVU21
  99 0044 F2E7     		b	.L2
 100              	.LVL12:
 101              	.L6:
  99:STM32F10x_StdPeriph_Driver/src/misc.c ****   
 102              		.loc 1 99 3 view .LVU22
 103 0046 0120     		movs	r0, #1
 104              	.LVL13:
  99:STM32F10x_StdPeriph_Driver/src/misc.c ****   
 105              		.loc 1 99 3 view .LVU23
 106 0048 F0E7     		b	.L2
 107              	.L11:
 108 004a 00BF     		.align	2
 109              	.L10:
 110 004c 00ED00E0 		.word	-536810240
 111              		.cfi_endproc
 112              	.LFE29:
 114              		.section	.text.NVIC_Init,"ax",%progbits
 115              		.align	1
 116              		.global	NVIC_Init
 117              		.syntax unified
 118              		.thumb
 119              		.thumb_func
 120              		.fpu softvfp
 122              	NVIC_Init:
ARM GAS  C:\Users\Anoolv\AppData\Local\Temp\ccJcNkDK.s 			page 5


 123              	.LVL14:
 124              	.LFB30:
 104:STM32F10x_StdPeriph_Driver/src/misc.c **** 
 105:STM32F10x_StdPeriph_Driver/src/misc.c **** /**
 106:STM32F10x_StdPeriph_Driver/src/misc.c ****   * @brief  Initializes the NVIC peripheral according to the specified
 107:STM32F10x_StdPeriph_Driver/src/misc.c ****   *         parameters in the NVIC_InitStruct.
 108:STM32F10x_StdPeriph_Driver/src/misc.c ****   * @param  NVIC_InitStruct: pointer to a NVIC_InitTypeDef structure that contains
 109:STM32F10x_StdPeriph_Driver/src/misc.c ****   *         the configuration information for the specified NVIC peripheral.
 110:STM32F10x_StdPeriph_Driver/src/misc.c ****   * @retval None
 111:STM32F10x_StdPeriph_Driver/src/misc.c ****   */
 112:STM32F10x_StdPeriph_Driver/src/misc.c **** void NVIC_Init(NVIC_InitTypeDef* NVIC_InitStruct)
 113:STM32F10x_StdPeriph_Driver/src/misc.c **** {
 125              		.loc 1 113 1 is_stmt 1 view -0
 126              		.cfi_startproc
 127              		@ args = 0, pretend = 0, frame = 0
 128              		@ frame_needed = 0, uses_anonymous_args = 0
 129              		.loc 1 113 1 is_stmt 0 view .LVU25
 130 0000 10B5     		push	{r4, lr}
 131              	.LCFI1:
 132              		.cfi_def_cfa_offset 8
 133              		.cfi_offset 4, -8
 134              		.cfi_offset 14, -4
 135 0002 0446     		mov	r4, r0
 114:STM32F10x_StdPeriph_Driver/src/misc.c ****   uint32_t tmppriority = 0x00, tmppre = 0x00, tmpsub = 0x0F;
 136              		.loc 1 114 3 is_stmt 1 view .LVU26
 137              	.LVL15:
 115:STM32F10x_StdPeriph_Driver/src/misc.c ****   
 116:STM32F10x_StdPeriph_Driver/src/misc.c ****   /* Check the parameters */
 117:STM32F10x_StdPeriph_Driver/src/misc.c ****   assert_param(IS_FUNCTIONAL_STATE(NVIC_InitStruct->NVIC_IRQChannelCmd));
 138              		.loc 1 117 3 view .LVU27
 139              		.loc 1 117 16 is_stmt 0 view .LVU28
 140 0004 C078     		ldrb	r0, [r0, #3]	@ zero_extendqisi2
 141              	.LVL16:
 142              		.loc 1 117 3 view .LVU29
 143 0006 0128     		cmp	r0, #1
 144 0008 8CBF     		ite	hi
 145 000a 0020     		movhi	r0, #0
 146 000c 0120     		movls	r0, #1
 147 000e FFF7FEFF 		bl	assert_param
 148              	.LVL17:
 118:STM32F10x_StdPeriph_Driver/src/misc.c ****   assert_param(IS_NVIC_PREEMPTION_PRIORITY(NVIC_InitStruct->NVIC_IRQChannelPreemptionPriority));  
 149              		.loc 1 118 3 is_stmt 1 view .LVU30
 150              		.loc 1 118 16 is_stmt 0 view .LVU31
 151 0012 6078     		ldrb	r0, [r4, #1]	@ zero_extendqisi2
 152              		.loc 1 118 3 view .LVU32
 153 0014 0F28     		cmp	r0, #15
 154 0016 8CBF     		ite	hi
 155 0018 0020     		movhi	r0, #0
 156 001a 0120     		movls	r0, #1
 157 001c FFF7FEFF 		bl	assert_param
 158              	.LVL18:
 119:STM32F10x_StdPeriph_Driver/src/misc.c ****   assert_param(IS_NVIC_SUB_PRIORITY(NVIC_InitStruct->NVIC_IRQChannelSubPriority));
 159              		.loc 1 119 3 is_stmt 1 view .LVU33
 160              		.loc 1 119 16 is_stmt 0 view .LVU34
 161 0020 A078     		ldrb	r0, [r4, #2]	@ zero_extendqisi2
 162              		.loc 1 119 3 view .LVU35
 163 0022 0F28     		cmp	r0, #15
ARM GAS  C:\Users\Anoolv\AppData\Local\Temp\ccJcNkDK.s 			page 6


 164 0024 8CBF     		ite	hi
 165 0026 0020     		movhi	r0, #0
 166 0028 0120     		movls	r0, #1
 167 002a FFF7FEFF 		bl	assert_param
 168              	.LVL19:
 120:STM32F10x_StdPeriph_Driver/src/misc.c ****     
 121:STM32F10x_StdPeriph_Driver/src/misc.c ****   if (NVIC_InitStruct->NVIC_IRQChannelCmd != DISABLE)
 169              		.loc 1 121 3 is_stmt 1 view .LVU36
 170              		.loc 1 121 22 is_stmt 0 view .LVU37
 171 002e E378     		ldrb	r3, [r4, #3]	@ zero_extendqisi2
 172              		.loc 1 121 6 view .LVU38
 173 0030 F3B1     		cbz	r3, .L13
 122:STM32F10x_StdPeriph_Driver/src/misc.c ****   {
 123:STM32F10x_StdPeriph_Driver/src/misc.c ****     /* Compute the Corresponding IRQ Priority --------------------------------*/    
 124:STM32F10x_StdPeriph_Driver/src/misc.c ****     tmppriority = (0x700 - ((SCB->AIRCR) & (uint32_t)0x700))>> 0x08;
 174              		.loc 1 124 5 is_stmt 1 view .LVU39
 175              		.loc 1 124 33 is_stmt 0 view .LVU40
 176 0032 154B     		ldr	r3, .L16
 177 0034 DA68     		ldr	r2, [r3, #12]
 178              		.loc 1 124 26 view .LVU41
 179 0036 D243     		mvns	r2, r2
 180              		.loc 1 124 17 view .LVU42
 181 0038 C2F30222 		ubfx	r2, r2, #8, #3
 182              	.LVL20:
 125:STM32F10x_StdPeriph_Driver/src/misc.c ****     tmppre = (0x4 - tmppriority);
 183              		.loc 1 125 5 is_stmt 1 view .LVU43
 184              		.loc 1 125 12 is_stmt 0 view .LVU44
 185 003c C2F10400 		rsb	r0, r2, #4
 186              	.LVL21:
 126:STM32F10x_StdPeriph_Driver/src/misc.c ****     tmpsub = tmpsub >> tmppriority;
 187              		.loc 1 126 5 is_stmt 1 view .LVU45
 188              		.loc 1 126 12 is_stmt 0 view .LVU46
 189 0040 0F23     		movs	r3, #15
 190 0042 23FA02F2 		lsr	r2, r3, r2
 191              	.LVL22:
 127:STM32F10x_StdPeriph_Driver/src/misc.c **** 
 128:STM32F10x_StdPeriph_Driver/src/misc.c ****     tmppriority = (uint32_t)NVIC_InitStruct->NVIC_IRQChannelPreemptionPriority << tmppre;
 192              		.loc 1 128 5 is_stmt 1 view .LVU47
 193              		.loc 1 128 44 is_stmt 0 view .LVU48
 194 0046 6178     		ldrb	r1, [r4, #1]	@ zero_extendqisi2
 195              		.loc 1 128 17 view .LVU49
 196 0048 8140     		lsls	r1, r1, r0
 197              	.LVL23:
 129:STM32F10x_StdPeriph_Driver/src/misc.c ****     tmppriority |=  NVIC_InitStruct->NVIC_IRQChannelSubPriority & tmpsub;
 198              		.loc 1 129 5 is_stmt 1 view .LVU50
 199              		.loc 1 129 36 is_stmt 0 view .LVU51
 200 004a A378     		ldrb	r3, [r4, #2]	@ zero_extendqisi2
 201              		.loc 1 129 65 view .LVU52
 202 004c 1340     		ands	r3, r3, r2
 203              		.loc 1 129 17 view .LVU53
 204 004e 0B43     		orrs	r3, r3, r1
 205              	.LVL24:
 130:STM32F10x_StdPeriph_Driver/src/misc.c ****     tmppriority = tmppriority << 0x04;
 206              		.loc 1 130 5 is_stmt 1 view .LVU54
 207              		.loc 1 130 17 is_stmt 0 view .LVU55
 208 0050 1B01     		lsls	r3, r3, #4
 209              	.LVL25:
ARM GAS  C:\Users\Anoolv\AppData\Local\Temp\ccJcNkDK.s 			page 7


 131:STM32F10x_StdPeriph_Driver/src/misc.c ****         
 132:STM32F10x_StdPeriph_Driver/src/misc.c ****     NVIC->IP[NVIC_InitStruct->NVIC_IRQChannel] = tmppriority;
 210              		.loc 1 132 5 is_stmt 1 view .LVU56
 211              		.loc 1 132 29 is_stmt 0 view .LVU57
 212 0052 2278     		ldrb	r2, [r4]	@ zero_extendqisi2
 213              	.LVL26:
 214              		.loc 1 132 48 view .LVU58
 215 0054 DBB2     		uxtb	r3, r3
 216              	.LVL27:
 217              		.loc 1 132 48 view .LVU59
 218 0056 0D49     		ldr	r1, .L16+4
 219 0058 0A44     		add	r2, r2, r1
 220 005a 82F80033 		strb	r3, [r2, #768]
 133:STM32F10x_StdPeriph_Driver/src/misc.c ****     
 134:STM32F10x_StdPeriph_Driver/src/misc.c ****     /* Enable the Selected IRQ Channels --------------------------------------*/
 135:STM32F10x_StdPeriph_Driver/src/misc.c ****     NVIC->ISER[NVIC_InitStruct->NVIC_IRQChannel >> 0x05] =
 221              		.loc 1 135 5 is_stmt 1 view .LVU60
 136:STM32F10x_StdPeriph_Driver/src/misc.c ****       (uint32_t)0x01 << (NVIC_InitStruct->NVIC_IRQChannel & (uint8_t)0x1F);
 222              		.loc 1 136 41 is_stmt 0 view .LVU61
 223 005e 2378     		ldrb	r3, [r4]	@ zero_extendqisi2
 224              		.loc 1 136 59 view .LVU62
 225 0060 03F01F00 		and	r0, r3, #31
 226              	.LVL28:
 135:STM32F10x_StdPeriph_Driver/src/misc.c ****       (uint32_t)0x01 << (NVIC_InitStruct->NVIC_IRQChannel & (uint8_t)0x1F);
 227              		.loc 1 135 49 view .LVU63
 228 0064 5B09     		lsrs	r3, r3, #5
 229              		.loc 1 136 22 view .LVU64
 230 0066 0122     		movs	r2, #1
 231 0068 8240     		lsls	r2, r2, r0
 135:STM32F10x_StdPeriph_Driver/src/misc.c ****       (uint32_t)0x01 << (NVIC_InitStruct->NVIC_IRQChannel & (uint8_t)0x1F);
 232              		.loc 1 135 58 view .LVU65
 233 006a 41F82320 		str	r2, [r1, r3, lsl #2]
 234              	.L12:
 137:STM32F10x_StdPeriph_Driver/src/misc.c ****   }
 138:STM32F10x_StdPeriph_Driver/src/misc.c ****   else
 139:STM32F10x_StdPeriph_Driver/src/misc.c ****   {
 140:STM32F10x_StdPeriph_Driver/src/misc.c ****     /* Disable the Selected IRQ Channels -------------------------------------*/
 141:STM32F10x_StdPeriph_Driver/src/misc.c ****     NVIC->ICER[NVIC_InitStruct->NVIC_IRQChannel >> 0x05] =
 142:STM32F10x_StdPeriph_Driver/src/misc.c ****       (uint32_t)0x01 << (NVIC_InitStruct->NVIC_IRQChannel & (uint8_t)0x1F);
 143:STM32F10x_StdPeriph_Driver/src/misc.c ****   }
 144:STM32F10x_StdPeriph_Driver/src/misc.c **** }
 235              		.loc 1 144 1 view .LVU66
 236 006e 10BD     		pop	{r4, pc}
 237              	.LVL29:
 238              	.L13:
 141:STM32F10x_StdPeriph_Driver/src/misc.c ****       (uint32_t)0x01 << (NVIC_InitStruct->NVIC_IRQChannel & (uint8_t)0x1F);
 239              		.loc 1 141 5 is_stmt 1 view .LVU67
 142:STM32F10x_StdPeriph_Driver/src/misc.c ****   }
 240              		.loc 1 142 41 is_stmt 0 view .LVU68
 241 0070 2378     		ldrb	r3, [r4]	@ zero_extendqisi2
 142:STM32F10x_StdPeriph_Driver/src/misc.c ****   }
 242              		.loc 1 142 59 view .LVU69
 243 0072 03F01F01 		and	r1, r3, #31
 141:STM32F10x_StdPeriph_Driver/src/misc.c ****       (uint32_t)0x01 << (NVIC_InitStruct->NVIC_IRQChannel & (uint8_t)0x1F);
 244              		.loc 1 141 49 view .LVU70
 245 0076 5B09     		lsrs	r3, r3, #5
 142:STM32F10x_StdPeriph_Driver/src/misc.c ****   }
ARM GAS  C:\Users\Anoolv\AppData\Local\Temp\ccJcNkDK.s 			page 8


 246              		.loc 1 142 22 view .LVU71
 247 0078 0122     		movs	r2, #1
 248 007a 8A40     		lsls	r2, r2, r1
 141:STM32F10x_StdPeriph_Driver/src/misc.c ****       (uint32_t)0x01 << (NVIC_InitStruct->NVIC_IRQChannel & (uint8_t)0x1F);
 249              		.loc 1 141 58 view .LVU72
 250 007c 2033     		adds	r3, r3, #32
 251 007e 0349     		ldr	r1, .L16+4
 252 0080 41F82320 		str	r2, [r1, r3, lsl #2]
 253              		.loc 1 144 1 view .LVU73
 254 0084 F3E7     		b	.L12
 255              	.L17:
 256 0086 00BF     		.align	2
 257              	.L16:
 258 0088 00ED00E0 		.word	-536810240
 259 008c 00E100E0 		.word	-536813312
 260              		.cfi_endproc
 261              	.LFE30:
 263              		.section	.text.NVIC_SetVectorTable,"ax",%progbits
 264              		.align	1
 265              		.global	NVIC_SetVectorTable
 266              		.syntax unified
 267              		.thumb
 268              		.thumb_func
 269              		.fpu softvfp
 271              	NVIC_SetVectorTable:
 272              	.LVL30:
 273              	.LFB31:
 145:STM32F10x_StdPeriph_Driver/src/misc.c **** 
 146:STM32F10x_StdPeriph_Driver/src/misc.c **** /**
 147:STM32F10x_StdPeriph_Driver/src/misc.c ****   * @brief  Sets the vector table location and Offset.
 148:STM32F10x_StdPeriph_Driver/src/misc.c ****   * @param  NVIC_VectTab: specifies if the vector table is in RAM or FLASH memory.
 149:STM32F10x_StdPeriph_Driver/src/misc.c ****   *   This parameter can be one of the following values:
 150:STM32F10x_StdPeriph_Driver/src/misc.c ****   *     @arg NVIC_VectTab_RAM
 151:STM32F10x_StdPeriph_Driver/src/misc.c ****   *     @arg NVIC_VectTab_FLASH
 152:STM32F10x_StdPeriph_Driver/src/misc.c ****   * @param  Offset: Vector Table base offset field. This value must be a multiple 
 153:STM32F10x_StdPeriph_Driver/src/misc.c ****   *         of 0x200.
 154:STM32F10x_StdPeriph_Driver/src/misc.c ****   * @retval None
 155:STM32F10x_StdPeriph_Driver/src/misc.c ****   */
 156:STM32F10x_StdPeriph_Driver/src/misc.c **** void NVIC_SetVectorTable(uint32_t NVIC_VectTab, uint32_t Offset)
 157:STM32F10x_StdPeriph_Driver/src/misc.c **** { 
 274              		.loc 1 157 1 is_stmt 1 view -0
 275              		.cfi_startproc
 276              		@ args = 0, pretend = 0, frame = 0
 277              		@ frame_needed = 0, uses_anonymous_args = 0
 278              		.loc 1 157 1 is_stmt 0 view .LVU75
 279 0000 38B5     		push	{r3, r4, r5, lr}
 280              	.LCFI2:
 281              		.cfi_def_cfa_offset 16
 282              		.cfi_offset 3, -16
 283              		.cfi_offset 4, -12
 284              		.cfi_offset 5, -8
 285              		.cfi_offset 14, -4
 286 0002 0546     		mov	r5, r0
 287 0004 0C46     		mov	r4, r1
 158:STM32F10x_StdPeriph_Driver/src/misc.c ****   /* Check the parameters */
 159:STM32F10x_StdPeriph_Driver/src/misc.c ****   assert_param(IS_NVIC_VECTTAB(NVIC_VectTab));
 288              		.loc 1 159 3 is_stmt 1 view .LVU76
ARM GAS  C:\Users\Anoolv\AppData\Local\Temp\ccJcNkDK.s 			page 9


 289 0006 B0F1005F 		cmp	r0, #536870912
 290 000a 16D0     		beq	.L20
 291              		.loc 1 159 3 is_stmt 0 discriminator 2 view .LVU77
 292 000c B0F1006F 		cmp	r0, #134217728
 293 0010 11D0     		beq	.L23
 294              		.loc 1 159 3 view .LVU78
 295 0012 0020     		movs	r0, #0
 296              	.LVL31:
 297              	.L19:
 298              		.loc 1 159 3 discriminator 6 view .LVU79
 299 0014 FFF7FEFF 		bl	assert_param
 300              	.LVL32:
 160:STM32F10x_StdPeriph_Driver/src/misc.c ****   assert_param(IS_NVIC_OFFSET(Offset));  
 301              		.loc 1 160 3 is_stmt 1 discriminator 6 view .LVU80
 302 0018 0948     		ldr	r0, .L24
 303 001a 8442     		cmp	r4, r0
 304 001c 8CBF     		ite	hi
 305 001e 0020     		movhi	r0, #0
 306 0020 0120     		movls	r0, #1
 307 0022 FFF7FEFF 		bl	assert_param
 308              	.LVL33:
 161:STM32F10x_StdPeriph_Driver/src/misc.c ****    
 162:STM32F10x_StdPeriph_Driver/src/misc.c ****   SCB->VTOR = NVIC_VectTab | (Offset & (uint32_t)0x1FFFFF80);
 309              		.loc 1 162 3 discriminator 6 view .LVU81
 310              		.loc 1 162 38 is_stmt 0 discriminator 6 view .LVU82
 311 0026 24F06041 		bic	r1, r4, #-536870912
 312 002a 21F07F01 		bic	r1, r1, #127
 313              		.loc 1 162 28 discriminator 6 view .LVU83
 314 002e 2943     		orrs	r1, r1, r5
 315              		.loc 1 162 13 discriminator 6 view .LVU84
 316 0030 044B     		ldr	r3, .L24+4
 317 0032 9960     		str	r1, [r3, #8]
 163:STM32F10x_StdPeriph_Driver/src/misc.c **** }
 318              		.loc 1 163 1 discriminator 6 view .LVU85
 319 0034 38BD     		pop	{r3, r4, r5, pc}
 320              	.LVL34:
 321              	.L23:
 159:STM32F10x_StdPeriph_Driver/src/misc.c ****   assert_param(IS_NVIC_OFFSET(Offset));  
 322              		.loc 1 159 3 view .LVU86
 323 0036 0120     		movs	r0, #1
 324              	.LVL35:
 159:STM32F10x_StdPeriph_Driver/src/misc.c ****   assert_param(IS_NVIC_OFFSET(Offset));  
 325              		.loc 1 159 3 view .LVU87
 326 0038 ECE7     		b	.L19
 327              	.LVL36:
 328              	.L20:
 159:STM32F10x_StdPeriph_Driver/src/misc.c ****   assert_param(IS_NVIC_OFFSET(Offset));  
 329              		.loc 1 159 3 view .LVU88
 330 003a 0120     		movs	r0, #1
 331              	.LVL37:
 159:STM32F10x_StdPeriph_Driver/src/misc.c ****   assert_param(IS_NVIC_OFFSET(Offset));  
 332              		.loc 1 159 3 view .LVU89
 333 003c EAE7     		b	.L19
 334              	.L25:
 335 003e 00BF     		.align	2
 336              	.L24:
 337 0040 FEFF0F00 		.word	1048574
ARM GAS  C:\Users\Anoolv\AppData\Local\Temp\ccJcNkDK.s 			page 10


 338 0044 00ED00E0 		.word	-536810240
 339              		.cfi_endproc
 340              	.LFE31:
 342              		.section	.text.NVIC_SystemLPConfig,"ax",%progbits
 343              		.align	1
 344              		.global	NVIC_SystemLPConfig
 345              		.syntax unified
 346              		.thumb
 347              		.thumb_func
 348              		.fpu softvfp
 350              	NVIC_SystemLPConfig:
 351              	.LVL38:
 352              	.LFB32:
 164:STM32F10x_StdPeriph_Driver/src/misc.c **** 
 165:STM32F10x_StdPeriph_Driver/src/misc.c **** /**
 166:STM32F10x_StdPeriph_Driver/src/misc.c ****   * @brief  Selects the condition for the system to enter low power mode.
 167:STM32F10x_StdPeriph_Driver/src/misc.c ****   * @param  LowPowerMode: Specifies the new mode for the system to enter low power mode.
 168:STM32F10x_StdPeriph_Driver/src/misc.c ****   *   This parameter can be one of the following values:
 169:STM32F10x_StdPeriph_Driver/src/misc.c ****   *     @arg NVIC_LP_SEVONPEND
 170:STM32F10x_StdPeriph_Driver/src/misc.c ****   *     @arg NVIC_LP_SLEEPDEEP
 171:STM32F10x_StdPeriph_Driver/src/misc.c ****   *     @arg NVIC_LP_SLEEPONEXIT
 172:STM32F10x_StdPeriph_Driver/src/misc.c ****   * @param  NewState: new state of LP condition. This parameter can be: ENABLE or DISABLE.
 173:STM32F10x_StdPeriph_Driver/src/misc.c ****   * @retval None
 174:STM32F10x_StdPeriph_Driver/src/misc.c ****   */
 175:STM32F10x_StdPeriph_Driver/src/misc.c **** void NVIC_SystemLPConfig(uint8_t LowPowerMode, FunctionalState NewState)
 176:STM32F10x_StdPeriph_Driver/src/misc.c **** {
 353              		.loc 1 176 1 is_stmt 1 view -0
 354              		.cfi_startproc
 355              		@ args = 0, pretend = 0, frame = 0
 356              		@ frame_needed = 0, uses_anonymous_args = 0
 357              		.loc 1 176 1 is_stmt 0 view .LVU91
 358 0000 38B5     		push	{r3, r4, r5, lr}
 359              	.LCFI3:
 360              		.cfi_def_cfa_offset 16
 361              		.cfi_offset 3, -16
 362              		.cfi_offset 4, -12
 363              		.cfi_offset 5, -8
 364              		.cfi_offset 14, -4
 365 0002 0446     		mov	r4, r0
 366 0004 0D46     		mov	r5, r1
 177:STM32F10x_StdPeriph_Driver/src/misc.c ****   /* Check the parameters */
 178:STM32F10x_StdPeriph_Driver/src/misc.c ****   assert_param(IS_NVIC_LP(LowPowerMode));
 367              		.loc 1 178 3 is_stmt 1 view .LVU92
 368 0006 1028     		cmp	r0, #16
 369 0008 07D0     		beq	.L30
 370              		.loc 1 178 16 is_stmt 0 discriminator 2 view .LVU93
 371 000a 0428     		cmp	r0, #4
 372 000c 14D0     		beq	.L31
 373              		.loc 1 178 3 discriminator 4 view .LVU94
 374 000e 0228     		cmp	r0, #2
 375 0010 01D0     		beq	.L34
 376              		.loc 1 178 3 view .LVU95
 377 0012 0020     		movs	r0, #0
 378              	.LVL39:
 379              		.loc 1 178 3 view .LVU96
 380 0014 02E0     		b	.L27
 381              	.LVL40:
ARM GAS  C:\Users\Anoolv\AppData\Local\Temp\ccJcNkDK.s 			page 11


 382              	.L34:
 383              		.loc 1 178 3 view .LVU97
 384 0016 0120     		movs	r0, #1
 385              	.LVL41:
 386              		.loc 1 178 3 view .LVU98
 387 0018 00E0     		b	.L27
 388              	.LVL42:
 389              	.L30:
 390              		.loc 1 178 3 view .LVU99
 391 001a 0120     		movs	r0, #1
 392              	.LVL43:
 393              	.L27:
 394              		.loc 1 178 3 discriminator 8 view .LVU100
 395 001c FFF7FEFF 		bl	assert_param
 396              	.LVL44:
 179:STM32F10x_StdPeriph_Driver/src/misc.c ****   assert_param(IS_FUNCTIONAL_STATE(NewState));  
 397              		.loc 1 179 3 is_stmt 1 discriminator 8 view .LVU101
 398 0020 012D     		cmp	r5, #1
 399 0022 8CBF     		ite	hi
 400 0024 0020     		movhi	r0, #0
 401 0026 0120     		movls	r0, #1
 402 0028 FFF7FEFF 		bl	assert_param
 403              	.LVL45:
 180:STM32F10x_StdPeriph_Driver/src/misc.c ****   
 181:STM32F10x_StdPeriph_Driver/src/misc.c ****   if (NewState != DISABLE)
 404              		.loc 1 181 3 discriminator 8 view .LVU102
 405              		.loc 1 181 6 is_stmt 0 discriminator 8 view .LVU103
 406 002c 35B1     		cbz	r5, .L28
 182:STM32F10x_StdPeriph_Driver/src/misc.c ****   {
 183:STM32F10x_StdPeriph_Driver/src/misc.c ****     SCB->SCR |= LowPowerMode;
 407              		.loc 1 183 5 is_stmt 1 view .LVU104
 408              		.loc 1 183 14 is_stmt 0 view .LVU105
 409 002e 064B     		ldr	r3, .L35
 410 0030 1869     		ldr	r0, [r3, #16]
 411 0032 0443     		orrs	r4, r4, r0
 412 0034 1C61     		str	r4, [r3, #16]
 413              	.L26:
 184:STM32F10x_StdPeriph_Driver/src/misc.c ****   }
 185:STM32F10x_StdPeriph_Driver/src/misc.c ****   else
 186:STM32F10x_StdPeriph_Driver/src/misc.c ****   {
 187:STM32F10x_StdPeriph_Driver/src/misc.c ****     SCB->SCR &= (uint32_t)(~(uint32_t)LowPowerMode);
 188:STM32F10x_StdPeriph_Driver/src/misc.c ****   }
 189:STM32F10x_StdPeriph_Driver/src/misc.c **** }
 414              		.loc 1 189 1 view .LVU106
 415 0036 38BD     		pop	{r3, r4, r5, pc}
 416              	.LVL46:
 417              	.L31:
 178:STM32F10x_StdPeriph_Driver/src/misc.c ****   assert_param(IS_FUNCTIONAL_STATE(NewState));  
 418              		.loc 1 178 3 view .LVU107
 419 0038 0120     		movs	r0, #1
 420              	.LVL47:
 178:STM32F10x_StdPeriph_Driver/src/misc.c ****   assert_param(IS_FUNCTIONAL_STATE(NewState));  
 421              		.loc 1 178 3 view .LVU108
 422 003a EFE7     		b	.L27
 423              	.LVL48:
 424              	.L28:
 187:STM32F10x_StdPeriph_Driver/src/misc.c ****   }
ARM GAS  C:\Users\Anoolv\AppData\Local\Temp\ccJcNkDK.s 			page 12


 425              		.loc 1 187 5 is_stmt 1 view .LVU109
 187:STM32F10x_StdPeriph_Driver/src/misc.c ****   }
 426              		.loc 1 187 14 is_stmt 0 view .LVU110
 427 003c 024B     		ldr	r3, .L35
 428 003e 1869     		ldr	r0, [r3, #16]
 429 0040 20EA0404 		bic	r4, r0, r4
 430 0044 1C61     		str	r4, [r3, #16]
 431              		.loc 1 189 1 view .LVU111
 432 0046 F6E7     		b	.L26
 433              	.L36:
 434              		.align	2
 435              	.L35:
 436 0048 00ED00E0 		.word	-536810240
 437              		.cfi_endproc
 438              	.LFE32:
 440              		.section	.text.SysTick_CLKSourceConfig,"ax",%progbits
 441              		.align	1
 442              		.global	SysTick_CLKSourceConfig
 443              		.syntax unified
 444              		.thumb
 445              		.thumb_func
 446              		.fpu softvfp
 448              	SysTick_CLKSourceConfig:
 449              	.LVL49:
 450              	.LFB33:
 190:STM32F10x_StdPeriph_Driver/src/misc.c **** 
 191:STM32F10x_StdPeriph_Driver/src/misc.c **** /**
 192:STM32F10x_StdPeriph_Driver/src/misc.c ****   * @brief  Configures the SysTick clock source.
 193:STM32F10x_StdPeriph_Driver/src/misc.c ****   * @param  SysTick_CLKSource: specifies the SysTick clock source.
 194:STM32F10x_StdPeriph_Driver/src/misc.c ****   *   This parameter can be one of the following values:
 195:STM32F10x_StdPeriph_Driver/src/misc.c ****   *     @arg SysTick_CLKSource_HCLK_Div8: AHB clock divided by 8 selected as SysTick clock source.
 196:STM32F10x_StdPeriph_Driver/src/misc.c ****   *     @arg SysTick_CLKSource_HCLK: AHB clock selected as SysTick clock source.
 197:STM32F10x_StdPeriph_Driver/src/misc.c ****   * @retval None
 198:STM32F10x_StdPeriph_Driver/src/misc.c ****   */
 199:STM32F10x_StdPeriph_Driver/src/misc.c **** void SysTick_CLKSourceConfig(uint32_t SysTick_CLKSource)
 200:STM32F10x_StdPeriph_Driver/src/misc.c **** {
 451              		.loc 1 200 1 is_stmt 1 view -0
 452              		.cfi_startproc
 453              		@ args = 0, pretend = 0, frame = 0
 454              		@ frame_needed = 0, uses_anonymous_args = 0
 455              		.loc 1 200 1 is_stmt 0 view .LVU113
 456 0000 10B5     		push	{r4, lr}
 457              	.LCFI4:
 458              		.cfi_def_cfa_offset 8
 459              		.cfi_offset 4, -8
 460              		.cfi_offset 14, -4
 461 0002 0446     		mov	r4, r0
 201:STM32F10x_StdPeriph_Driver/src/misc.c ****   /* Check the parameters */
 202:STM32F10x_StdPeriph_Driver/src/misc.c ****   assert_param(IS_SYSTICK_CLK_SOURCE(SysTick_CLKSource));
 462              		.loc 1 202 3 is_stmt 1 view .LVU114
 463 0004 0428     		cmp	r0, #4
 464 0006 10D0     		beq	.L41
 465              		.loc 1 202 3 is_stmt 0 discriminator 2 view .LVU115
 466 0008 10F1050F 		cmn	r0, #5
 467 000c 0BD0     		beq	.L44
 468              		.loc 1 202 3 view .LVU116
 469 000e 0020     		movs	r0, #0
ARM GAS  C:\Users\Anoolv\AppData\Local\Temp\ccJcNkDK.s 			page 13


 470              	.LVL50:
 471              	.L38:
 472              		.loc 1 202 3 discriminator 6 view .LVU117
 473 0010 FFF7FEFF 		bl	assert_param
 474              	.LVL51:
 203:STM32F10x_StdPeriph_Driver/src/misc.c ****   if (SysTick_CLKSource == SysTick_CLKSource_HCLK)
 475              		.loc 1 203 3 is_stmt 1 discriminator 6 view .LVU118
 476              		.loc 1 203 6 is_stmt 0 discriminator 6 view .LVU119
 477 0014 042C     		cmp	r4, #4
 478 0016 0AD0     		beq	.L45
 204:STM32F10x_StdPeriph_Driver/src/misc.c ****   {
 205:STM32F10x_StdPeriph_Driver/src/misc.c ****     SysTick->CTRL |= SysTick_CLKSource_HCLK;
 206:STM32F10x_StdPeriph_Driver/src/misc.c ****   }
 207:STM32F10x_StdPeriph_Driver/src/misc.c ****   else
 208:STM32F10x_StdPeriph_Driver/src/misc.c ****   {
 209:STM32F10x_StdPeriph_Driver/src/misc.c ****     SysTick->CTRL &= SysTick_CLKSource_HCLK_Div8;
 479              		.loc 1 209 5 is_stmt 1 view .LVU120
 480              		.loc 1 209 19 is_stmt 0 view .LVU121
 481 0018 4FF0E022 		mov	r2, #-536813568
 482 001c 1369     		ldr	r3, [r2, #16]
 483 001e 23F00403 		bic	r3, r3, #4
 484 0022 1361     		str	r3, [r2, #16]
 485              	.L37:
 210:STM32F10x_StdPeriph_Driver/src/misc.c ****   }
 211:STM32F10x_StdPeriph_Driver/src/misc.c **** }
 486              		.loc 1 211 1 view .LVU122
 487 0024 10BD     		pop	{r4, pc}
 488              	.LVL52:
 489              	.L44:
 202:STM32F10x_StdPeriph_Driver/src/misc.c ****   if (SysTick_CLKSource == SysTick_CLKSource_HCLK)
 490              		.loc 1 202 3 view .LVU123
 491 0026 0120     		movs	r0, #1
 492              	.LVL53:
 202:STM32F10x_StdPeriph_Driver/src/misc.c ****   if (SysTick_CLKSource == SysTick_CLKSource_HCLK)
 493              		.loc 1 202 3 view .LVU124
 494 0028 F2E7     		b	.L38
 495              	.LVL54:
 496              	.L41:
 202:STM32F10x_StdPeriph_Driver/src/misc.c ****   if (SysTick_CLKSource == SysTick_CLKSource_HCLK)
 497              		.loc 1 202 3 view .LVU125
 498 002a 0120     		movs	r0, #1
 499              	.LVL55:
 202:STM32F10x_StdPeriph_Driver/src/misc.c ****   if (SysTick_CLKSource == SysTick_CLKSource_HCLK)
 500              		.loc 1 202 3 view .LVU126
 501 002c F0E7     		b	.L38
 502              	.L45:
 205:STM32F10x_StdPeriph_Driver/src/misc.c ****   }
 503              		.loc 1 205 5 is_stmt 1 view .LVU127
 205:STM32F10x_StdPeriph_Driver/src/misc.c ****   }
 504              		.loc 1 205 19 is_stmt 0 view .LVU128
 505 002e 4FF0E022 		mov	r2, #-536813568
 506 0032 1369     		ldr	r3, [r2, #16]
 507 0034 43F00403 		orr	r3, r3, #4
 508 0038 1361     		str	r3, [r2, #16]
 509 003a F3E7     		b	.L37
 510              		.cfi_endproc
 511              	.LFE33:
ARM GAS  C:\Users\Anoolv\AppData\Local\Temp\ccJcNkDK.s 			page 14


 513              		.text
 514              	.Letext0:
 515              		.file 2 "c:\\gnu arm embedded toolchain\\10 2020-q4-major\\arm-none-eabi\\include\\machine\\_defau
 516              		.file 3 "c:\\gnu arm embedded toolchain\\10 2020-q4-major\\arm-none-eabi\\include\\sys\\_stdint.h"
 517              		.file 4 "CMSIS/CoreSupport/core_cm3.h"
 518              		.file 5 "CMSIS/DeviceSupport/stm32f10x.h"
 519              		.file 6 "STM32F10x_StdPeriph_Driver/inc/misc.h"
ARM GAS  C:\Users\Anoolv\AppData\Local\Temp\ccJcNkDK.s 			page 15


DEFINED SYMBOLS
                            *ABS*:00000000 misc.c
C:\Users\Anoolv\AppData\Local\Temp\ccJcNkDK.s:16     .text.NVIC_PriorityGroupConfig:00000000 $t
C:\Users\Anoolv\AppData\Local\Temp\ccJcNkDK.s:24     .text.NVIC_PriorityGroupConfig:00000000 NVIC_PriorityGroupConfig
C:\Users\Anoolv\AppData\Local\Temp\ccJcNkDK.s:110    .text.NVIC_PriorityGroupConfig:0000004c $d
C:\Users\Anoolv\AppData\Local\Temp\ccJcNkDK.s:115    .text.NVIC_Init:00000000 $t
C:\Users\Anoolv\AppData\Local\Temp\ccJcNkDK.s:122    .text.NVIC_Init:00000000 NVIC_Init
C:\Users\Anoolv\AppData\Local\Temp\ccJcNkDK.s:258    .text.NVIC_Init:00000088 $d
C:\Users\Anoolv\AppData\Local\Temp\ccJcNkDK.s:264    .text.NVIC_SetVectorTable:00000000 $t
C:\Users\Anoolv\AppData\Local\Temp\ccJcNkDK.s:271    .text.NVIC_SetVectorTable:00000000 NVIC_SetVectorTable
C:\Users\Anoolv\AppData\Local\Temp\ccJcNkDK.s:337    .text.NVIC_SetVectorTable:00000040 $d
C:\Users\Anoolv\AppData\Local\Temp\ccJcNkDK.s:343    .text.NVIC_SystemLPConfig:00000000 $t
C:\Users\Anoolv\AppData\Local\Temp\ccJcNkDK.s:350    .text.NVIC_SystemLPConfig:00000000 NVIC_SystemLPConfig
C:\Users\Anoolv\AppData\Local\Temp\ccJcNkDK.s:436    .text.NVIC_SystemLPConfig:00000048 $d
C:\Users\Anoolv\AppData\Local\Temp\ccJcNkDK.s:441    .text.SysTick_CLKSourceConfig:00000000 $t
C:\Users\Anoolv\AppData\Local\Temp\ccJcNkDK.s:448    .text.SysTick_CLKSourceConfig:00000000 SysTick_CLKSourceConfig

UNDEFINED SYMBOLS
assert_param
